This is XeTeX, Version 3.141592653-2.6-0.999994 (MiKTeX 22.7.30) (preloaded format=xelatex 2022.12.11)  22 DEC 2022 16:16
entering extended mode
 \write18 enabled.
 %&-line parsing enabled.
**./Data_Visualization.tex
(Data_Visualization.tex
LaTeX2e <2021-11-15> patch level 1
L3 programming layer <2021-11-22>
(C:\Users\Amtel Ltd\AppData\Local\Programs\MiKTeX\tex/latex/beamer\beamer.cls
Document Class: beamer 2022/05/17 v3.67 A class for typesetting presentations

(C:\Users\Amtel Ltd\AppData\Local\Programs\MiKTeX\tex/latex/beamer\beamerbasemo
des.sty
(C:\Users\Amtel Ltd\AppData\Local\Programs\MiKTeX\tex/latex/etoolbox\etoolbox.s
ty
Package: etoolbox 2020/10/05 v2.5k e-TeX tools for LaTeX (JAW)
\etb@tempcnta=\count179
)
\beamer@tempbox=\box50
\beamer@tempcount=\count180
\c@beamerpauses=\count181

(C:\Users\Amtel Ltd\AppData\Local\Programs\MiKTeX\tex/latex/beamer\beamerbasede
code.sty
\beamer@slideinframe=\count182
\beamer@minimum=\count183
\beamer@decode@box=\box51
)
\beamer@commentbox=\box52
\beamer@modecount=\count184
)
(C:\Users\Amtel Ltd\AppData\Local\Programs\MiKTeX\tex/generic/iftex\iftex.sty
Package: iftex 2020/03/06 v1.0d TeX engine tests
)
\headdp=\dimen138
\footheight=\dimen139
\sidebarheight=\dimen140
\beamer@tempdim=\dimen141
\beamer@finalheight=\dimen142
\beamer@animht=\dimen143
\beamer@animdp=\dimen144
\beamer@animwd=\dimen145
\beamer@leftmargin=\dimen146
\beamer@rightmargin=\dimen147
\beamer@leftsidebar=\dimen148
\beamer@rightsidebar=\dimen149
\beamer@boxsize=\dimen150
\beamer@vboxoffset=\dimen151
\beamer@descdefault=\dimen152
\beamer@descriptionwidth=\dimen153
\beamer@lastskip=\skip47
\beamer@areabox=\box53
\beamer@animcurrent=\box54
\beamer@animshowbox=\box55
\beamer@sectionbox=\box56
\beamer@logobox=\box57
\beamer@linebox=\box58
\beamer@sectioncount=\count185
\beamer@subsubsectionmax=\count186
\beamer@subsectionmax=\count187
\beamer@sectionmax=\count188
\beamer@totalheads=\count189
\beamer@headcounter=\count190
\beamer@partstartpage=\count191
\beamer@sectionstartpage=\count192
\beamer@subsectionstartpage=\count193
\beamer@animationtempa=\count194
\beamer@animationtempb=\count195
\beamer@xpos=\count196
\beamer@ypos=\count197
\beamer@ypos@offset=\count198
\beamer@showpartnumber=\count199
\beamer@currentsubsection=\count266
\beamer@coveringdepth=\count267
\beamer@sectionadjust=\count268
\beamer@toclastsection=\count269
\beamer@tocsectionnumber=\count270

(C:\Users\Amtel Ltd\AppData\Local\Programs\MiKTeX\tex/latex/beamer\beamerbaseop
tions.sty
(C:\Users\Amtel Ltd\AppData\Local\Programs\MiKTeX\tex/latex/graphics\keyval.sty
Package: keyval 2014/10/28 v1.15 key=value parser (DPC)
\KV@toks@=\toks16
))
\beamer@paperwidth=\skip48
\beamer@paperheight=\skip49

(C:\Users\Amtel Ltd\AppData\Local\Programs\MiKTeX\tex/latex/geometry\geometry.s
ty
Package: geometry 2020/01/02 v5.9 Page Geometry

(C:\Users\Amtel Ltd\AppData\Local\Programs\MiKTeX\tex/generic/iftex\ifvtex.sty
Package: ifvtex 2019/10/25 v1.7 ifvtex legacy package. Use iftex instead.
)
\Gm@cnth=\count271
\Gm@cntv=\count272
\c@Gm@tempcnt=\count273
\Gm@bindingoffset=\dimen154
\Gm@wd@mp=\dimen155
\Gm@odd@mp=\dimen156
\Gm@even@mp=\dimen157
\Gm@layoutwidth=\dimen158
\Gm@layoutheight=\dimen159
\Gm@layouthoffset=\dimen160
\Gm@layoutvoffset=\dimen161
\Gm@dimlist=\toks17

(C:\Users\Amtel Ltd\AppData\Local\Programs\MiKTeX\tex/latex/geometry\geometry.c
fg))
(C:\Users\Amtel Ltd\AppData\Local\Programs\MiKTeX\tex/latex/pgf/math\pgfmath.st
y
(C:\Users\Amtel Ltd\AppData\Local\Programs\MiKTeX\tex/latex/pgf/utilities\pgfrc
s.sty
(C:\Users\Amtel Ltd\AppData\Local\Programs\MiKTeX\tex/generic/pgf/utilities\pgf
util-common.tex
\pgfutil@everybye=\toks18
\pgfutil@tempdima=\dimen162
\pgfutil@tempdimb=\dimen163

(C:\Users\Amtel Ltd\AppData\Local\Programs\MiKTeX\tex/generic/pgf/utilities\pgf
util-common-lists.tex))
(C:\Users\Amtel Ltd\AppData\Local\Programs\MiKTeX\tex/generic/pgf/utilities\pgf
util-latex.def
\pgfutil@abb=\box59
)
(C:\Users\Amtel Ltd\AppData\Local\Programs\MiKTeX\tex/generic/pgf/utilities\pgf
rcs.code.tex
(C:\Users\Amtel Ltd\AppData\Local\Programs\MiKTeX\tex/generic/pgf\pgf.revision.
tex)
Package: pgfrcs 2021/05/15 v3.1.9a (3.1.9a)
))
(C:\Users\Amtel Ltd\AppData\Local\Programs\MiKTeX\tex/latex/pgf/utilities\pgfke
ys.sty
(C:\Users\Amtel Ltd\AppData\Local\Programs\MiKTeX\tex/generic/pgf/utilities\pgf
keys.code.tex
\pgfkeys@pathtoks=\toks19
\pgfkeys@temptoks=\toks20

(C:\Users\Amtel Ltd\AppData\Local\Programs\MiKTeX\tex/generic/pgf/utilities\pgf
keysfiltered.code.tex
\pgfkeys@tmptoks=\toks21
)))
(C:\Users\Amtel Ltd\AppData\Local\Programs\MiKTeX\tex/generic/pgf/math\pgfmath.
code.tex
(C:\Users\Amtel Ltd\AppData\Local\Programs\MiKTeX\tex/generic/pgf/math\pgfmathc
alc.code.tex
(C:\Users\Amtel Ltd\AppData\Local\Programs\MiKTeX\tex/generic/pgf/math\pgfmathu
til.code.tex
\pgf@x=\dimen164
\pgf@xa=\dimen165
\pgf@xb=\dimen166
\pgf@xc=\dimen167
\pgf@y=\dimen168
\pgf@ya=\dimen169
\pgf@yb=\dimen170
\pgf@yc=\dimen171
\c@pgf@counta=\count274
\c@pgf@countb=\count275
\c@pgf@countc=\count276
\c@pgf@countd=\count277
)
(C:\Users\Amtel Ltd\AppData\Local\Programs\MiKTeX\tex/generic/pgf/math\pgfmathp
arser.code.tex
\pgfmath@dimen=\dimen172
\pgfmath@count=\count278
\pgfmath@box=\box60
\pgfmath@toks=\toks22
\pgfmath@stack@operand=\toks23
\pgfmath@stack@operation=\toks24
)
(C:\Users\Amtel Ltd\AppData\Local\Programs\MiKTeX\tex/generic/pgf/math\pgfmathf
unctions.code.tex
(C:\Users\Amtel Ltd\AppData\Local\Programs\MiKTeX\tex/generic/pgf/math\pgfmathf
unctions.basic.code.tex)
(C:\Users\Amtel Ltd\AppData\Local\Programs\MiKTeX\tex/generic/pgf/math\pgfmathf
unctions.trigonometric.code.tex)
(C:\Users\Amtel Ltd\AppData\Local\Programs\MiKTeX\tex/generic/pgf/math\pgfmathf
unctions.random.code.tex)
(C:\Users\Amtel Ltd\AppData\Local\Programs\MiKTeX\tex/generic/pgf/math\pgfmathf
unctions.comparison.code.tex)
(C:\Users\Amtel Ltd\AppData\Local\Programs\MiKTeX\tex/generic/pgf/math\pgfmathf
unctions.base.code.tex)
(C:\Users\Amtel Ltd\AppData\Local\Programs\MiKTeX\tex/generic/pgf/math\pgfmathf
unctions.round.code.tex)
(C:\Users\Amtel Ltd\AppData\Local\Programs\MiKTeX\tex/generic/pgf/math\pgfmathf
unctions.misc.code.tex)
(C:\Users\Amtel Ltd\AppData\Local\Programs\MiKTeX\tex/generic/pgf/math\pgfmathf
unctions.integerarithmetics.code.tex)))
(C:\Users\Amtel Ltd\AppData\Local\Programs\MiKTeX\tex/generic/pgf/math\pgfmathf
loat.code.tex
\c@pgfmathroundto@lastzeros=\count279
)))
(C:\Users\Amtel Ltd\AppData\Local\Programs\MiKTeX\tex/latex/base\size12.clo
File: size12.clo 2021/10/04 v1.4n Standard LaTeX file (size option)
)
(C:\Users\Amtel Ltd\AppData\Local\Programs\MiKTeX\tex/latex/pgf/basiclayer\pgfc
ore.sty
(C:\Users\Amtel Ltd\AppData\Local\Programs\MiKTeX\tex/latex/graphics\graphicx.s
ty
Package: graphicx 2021/09/16 v1.2d Enhanced LaTeX Graphics (DPC,SPQR)

(C:\Users\Amtel Ltd\AppData\Local\Programs\MiKTeX\tex/latex/graphics\graphics.s
ty
Package: graphics 2021/03/04 v1.4d Standard LaTeX Graphics (DPC,SPQR)

(C:\Users\Amtel Ltd\AppData\Local\Programs\MiKTeX\tex/latex/graphics\trig.sty
Package: trig 2021/08/11 v1.11 sin cos tan (DPC)
)
(C:\Users\Amtel Ltd\AppData\Local\Programs\MiKTeX\tex/latex/graphics-cfg\graphi
cs.cfg
File: graphics.cfg 2016/06/04 v1.11 sample graphics configuration
)
Package graphics Info: Driver file: xetex.def on input line 107.

(C:\Users\Amtel Ltd\AppData\Local\Programs\MiKTeX\tex/latex/graphics-def\xetex.
def
File: xetex.def 2021/03/18 v5.0k Graphics/color driver for xetex
))
\Gin@req@height=\dimen173
\Gin@req@width=\dimen174
)
(C:\Users\Amtel Ltd\AppData\Local\Programs\MiKTeX\tex/latex/pgf/systemlayer\pgf
sys.sty
(C:\Users\Amtel Ltd\AppData\Local\Programs\MiKTeX\tex/generic/pgf/systemlayer\p
gfsys.code.tex
Package: pgfsys 2021/05/15 v3.1.9a (3.1.9a)

(C:\Users\Amtel Ltd\AppData\Local\Programs\MiKTeX\tex/generic/pgf/utilities\pgf
keys.code.tex)
\pgf@x=\dimen175
\pgf@y=\dimen176
\pgf@xa=\dimen177
\pgf@ya=\dimen178
\pgf@xb=\dimen179
\pgf@yb=\dimen180
\pgf@xc=\dimen181
\pgf@yc=\dimen182
\pgf@xd=\dimen183
\pgf@yd=\dimen184
\w@pgf@writea=\write3
\r@pgf@reada=\read2
\c@pgf@counta=\count280
\c@pgf@countb=\count281
\c@pgf@countc=\count282
\c@pgf@countd=\count283
\t@pgf@toka=\toks25
\t@pgf@tokb=\toks26
\t@pgf@tokc=\toks27
\pgf@sys@id@count=\count284

(C:\Users\Amtel Ltd\AppData\Local\Programs\MiKTeX\tex/generic/pgf/systemlayer\p
gf.cfg
File: pgf.cfg 2021/05/15 v3.1.9a (3.1.9a)
)
Driver file for pgf: pgfsys-xetex.def

(C:\Users\Amtel Ltd\AppData\Local\Programs\MiKTeX\tex/generic/pgf/systemlayer\p
gfsys-xetex.def
File: pgfsys-xetex.def 2021/05/15 v3.1.9a (3.1.9a)

(C:\Users\Amtel Ltd\AppData\Local\Programs\MiKTeX\tex/generic/pgf/systemlayer\p
gfsys-dvipdfmx.def
File: pgfsys-dvipdfmx.def 2021/05/15 v3.1.9a (3.1.9a)

(C:\Users\Amtel Ltd\AppData\Local\Programs\MiKTeX\tex/generic/pgf/systemlayer\p
gfsys-common-pdf.def
File: pgfsys-common-pdf.def 2021/05/15 v3.1.9a (3.1.9a)
)
\pgfsys@objnum=\count285
)))
(C:\Users\Amtel Ltd\AppData\Local\Programs\MiKTeX\tex/generic/pgf/systemlayer\p
gfsyssoftpath.code.tex
File: pgfsyssoftpath.code.tex 2021/05/15 v3.1.9a (3.1.9a)
\pgfsyssoftpath@smallbuffer@items=\count286
\pgfsyssoftpath@bigbuffer@items=\count287
)
(C:\Users\Amtel Ltd\AppData\Local\Programs\MiKTeX\tex/generic/pgf/systemlayer\p
gfsysprotocol.code.tex
File: pgfsysprotocol.code.tex 2021/05/15 v3.1.9a (3.1.9a)
))
(C:\Users\Amtel Ltd\AppData\Local\Programs\MiKTeX\tex/latex/xcolor\xcolor.sty
Package: xcolor 2021/10/31 v2.13 LaTeX color extensions (UK)

(C:\Users\Amtel Ltd\AppData\Local\Programs\MiKTeX\tex/latex/graphics-cfg\color.
cfg
File: color.cfg 2016/01/02 v1.6 sample color configuration
)
Package xcolor Info: Driver file: xetex.def on input line 227.
Package xcolor Info: Model `cmy' substituted by `cmy0' on input line 1352.
Package xcolor Info: Model `RGB' extended on input line 1368.
Package xcolor Info: Model `HTML' substituted by `rgb' on input line 1370.
Package xcolor Info: Model `Hsb' substituted by `hsb' on input line 1371.
Package xcolor Info: Model `tHsb' substituted by `hsb' on input line 1372.
Package xcolor Info: Model `HSB' substituted by `hsb' on input line 1373.
Package xcolor Info: Model `Gray' substituted by `gray' on input line 1374.
Package xcolor Info: Model `wave' substituted by `hsb' on input line 1375.
)
(C:\Users\Amtel Ltd\AppData\Local\Programs\MiKTeX\tex/generic/pgf/basiclayer\pg
fcore.code.tex
Package: pgfcore 2021/05/15 v3.1.9a (3.1.9a)

(C:\Users\Amtel Ltd\AppData\Local\Programs\MiKTeX\tex/generic/pgf/math\pgfmath.
code.tex)
(C:\Users\Amtel Ltd\AppData\Local\Programs\MiKTeX\tex/generic/pgf/math\pgfint.c
ode.tex)
(C:\Users\Amtel Ltd\AppData\Local\Programs\MiKTeX\tex/generic/pgf/basiclayer\pg
fcorepoints.code.tex
File: pgfcorepoints.code.tex 2021/05/15 v3.1.9a (3.1.9a)
\pgf@picminx=\dimen185
\pgf@picmaxx=\dimen186
\pgf@picminy=\dimen187
\pgf@picmaxy=\dimen188
\pgf@pathminx=\dimen189
\pgf@pathmaxx=\dimen190
\pgf@pathminy=\dimen191
\pgf@pathmaxy=\dimen192
\pgf@xx=\dimen193
\pgf@xy=\dimen194
\pgf@yx=\dimen195
\pgf@yy=\dimen196
\pgf@zx=\dimen197
\pgf@zy=\dimen198
)
(C:\Users\Amtel Ltd\AppData\Local\Programs\MiKTeX\tex/generic/pgf/basiclayer\pg
fcorepathconstruct.code.tex
File: pgfcorepathconstruct.code.tex 2021/05/15 v3.1.9a (3.1.9a)
\pgf@path@lastx=\dimen199
\pgf@path@lasty=\dimen256
)
(C:\Users\Amtel Ltd\AppData\Local\Programs\MiKTeX\tex/generic/pgf/basiclayer\pg
fcorepathusage.code.tex
File: pgfcorepathusage.code.tex 2021/05/15 v3.1.9a (3.1.9a)
\pgf@shorten@end@additional=\dimen257
\pgf@shorten@start@additional=\dimen258
)
(C:\Users\Amtel Ltd\AppData\Local\Programs\MiKTeX\tex/generic/pgf/basiclayer\pg
fcorescopes.code.tex
File: pgfcorescopes.code.tex 2021/05/15 v3.1.9a (3.1.9a)
\pgfpic=\box61
\pgf@hbox=\box62
\pgf@layerbox@main=\box63
\pgf@picture@serial@count=\count288
)
(C:\Users\Amtel Ltd\AppData\Local\Programs\MiKTeX\tex/generic/pgf/basiclayer\pg
fcoregraphicstate.code.tex
File: pgfcoregraphicstate.code.tex 2021/05/15 v3.1.9a (3.1.9a)
\pgflinewidth=\dimen259
)
(C:\Users\Amtel Ltd\AppData\Local\Programs\MiKTeX\tex/generic/pgf/basiclayer\pg
fcoretransformations.code.tex
File: pgfcoretransformations.code.tex 2021/05/15 v3.1.9a (3.1.9a)
\pgf@pt@x=\dimen260
\pgf@pt@y=\dimen261
\pgf@pt@temp=\dimen262
)
(C:\Users\Amtel Ltd\AppData\Local\Programs\MiKTeX\tex/generic/pgf/basiclayer\pg
fcorequick.code.tex
File: pgfcorequick.code.tex 2021/05/15 v3.1.9a (3.1.9a)
)
(C:\Users\Amtel Ltd\AppData\Local\Programs\MiKTeX\tex/generic/pgf/basiclayer\pg
fcoreobjects.code.tex
File: pgfcoreobjects.code.tex 2021/05/15 v3.1.9a (3.1.9a)
)
(C:\Users\Amtel Ltd\AppData\Local\Programs\MiKTeX\tex/generic/pgf/basiclayer\pg
fcorepathprocessing.code.tex
File: pgfcorepathprocessing.code.tex 2021/05/15 v3.1.9a (3.1.9a)
)
(C:\Users\Amtel Ltd\AppData\Local\Programs\MiKTeX\tex/generic/pgf/basiclayer\pg
fcorearrows.code.tex
File: pgfcorearrows.code.tex 2021/05/15 v3.1.9a (3.1.9a)
\pgfarrowsep=\dimen263
)
(C:\Users\Amtel Ltd\AppData\Local\Programs\MiKTeX\tex/generic/pgf/basiclayer\pg
fcoreshade.code.tex
File: pgfcoreshade.code.tex 2021/05/15 v3.1.9a (3.1.9a)
\pgf@max=\dimen264
\pgf@sys@shading@range@num=\count289
\pgf@shadingcount=\count290
)
(C:\Users\Amtel Ltd\AppData\Local\Programs\MiKTeX\tex/generic/pgf/basiclayer\pg
fcoreimage.code.tex
File: pgfcoreimage.code.tex 2021/05/15 v3.1.9a (3.1.9a)

(C:\Users\Amtel Ltd\AppData\Local\Programs\MiKTeX\tex/generic/pgf/basiclayer\pg
fcoreexternal.code.tex
File: pgfcoreexternal.code.tex 2021/05/15 v3.1.9a (3.1.9a)
\pgfexternal@startupbox=\box64
))
(C:\Users\Amtel Ltd\AppData\Local\Programs\MiKTeX\tex/generic/pgf/basiclayer\pg
fcorelayers.code.tex
File: pgfcorelayers.code.tex 2021/05/15 v3.1.9a (3.1.9a)
)
(C:\Users\Amtel Ltd\AppData\Local\Programs\MiKTeX\tex/generic/pgf/basiclayer\pg
fcoretransparency.code.tex
File: pgfcoretransparency.code.tex 2021/05/15 v3.1.9a (3.1.9a)
)
(C:\Users\Amtel Ltd\AppData\Local\Programs\MiKTeX\tex/generic/pgf/basiclayer\pg
fcorepatterns.code.tex
File: pgfcorepatterns.code.tex 2021/05/15 v3.1.9a (3.1.9a)
)
(C:\Users\Amtel Ltd\AppData\Local\Programs\MiKTeX\tex/generic/pgf/basiclayer\pg
fcorerdf.code.tex
File: pgfcorerdf.code.tex 2021/05/15 v3.1.9a (3.1.9a)
)))
(C:\Users\Amtel Ltd\AppData\Local\Programs\MiKTeX\tex/latex/pgf/utilities\xxcol
or.sty
Package: xxcolor 2003/10/24 ver 0.1
\XC@nummixins=\count291
\XC@countmixins=\count292
)
(C:\Users\Amtel Ltd\AppData\Local\Programs\MiKTeX\tex/latex/base\atbegshi-ltx.s
ty
Package: atbegshi-ltx 2021/01/10 v1.0c Emulation of the original atbegshi
package with kernel methods
)
(C:\Users\Amtel Ltd\AppData\Local\Programs\MiKTeX\tex/latex/hyperref\hyperref.s
ty
Package: hyperref 2021-06-07 v7.00m Hypertext links for LaTeX

(C:\Users\Amtel Ltd\AppData\Local\Programs\MiKTeX\tex/generic/ltxcmds\ltxcmds.s
ty
Package: ltxcmds 2020-05-10 v1.25 LaTeX kernel commands for general use (HO)
)
(C:\Users\Amtel Ltd\AppData\Local\Programs\MiKTeX\tex/generic/pdftexcmds\pdftex
cmds.sty
Package: pdftexcmds 2020-06-27 v0.33 Utility functions of pdfTeX for LuaTeX (HO
)

(C:\Users\Amtel Ltd\AppData\Local\Programs\MiKTeX\tex/generic/infwarerr\infware
rr.sty
Package: infwarerr 2019/12/03 v1.5 Providing info/warning/error messages (HO)
)
Package pdftexcmds Info: \pdf@primitive is available.
Package pdftexcmds Info: \pdf@ifprimitive is available.
Package pdftexcmds Info: \pdfdraftmode not found.
)
(C:\Users\Amtel Ltd\AppData\Local\Programs\MiKTeX\tex/generic/kvsetkeys\kvsetke
ys.sty
Package: kvsetkeys 2019/12/15 v1.18 Key value parser (HO)
)
(C:\Users\Amtel Ltd\AppData\Local\Programs\MiKTeX\tex/generic/kvdefinekeys\kvde
finekeys.sty
Package: kvdefinekeys 2019-12-19 v1.6 Define keys (HO)
)
(C:\Users\Amtel Ltd\AppData\Local\Programs\MiKTeX\tex/generic/pdfescape\pdfesca
pe.sty
Package: pdfescape 2019/12/09 v1.15 Implements pdfTeX's escape features (HO)
)
(C:\Users\Amtel Ltd\AppData\Local\Programs\MiKTeX\tex/latex/hycolor\hycolor.sty
Package: hycolor 2020-01-27 v1.10 Color options for hyperref/bookmark (HO)
)
(C:\Users\Amtel Ltd\AppData\Local\Programs\MiKTeX\tex/latex/letltxmacro\letltxm
acro.sty
Package: letltxmacro 2019/12/03 v1.6 Let assignment for LaTeX macros (HO)
)
(C:\Users\Amtel Ltd\AppData\Local\Programs\MiKTeX\tex/latex/auxhook\auxhook.sty
Package: auxhook 2019-12-17 v1.6 Hooks for auxiliary files (HO)
)
(C:\Users\Amtel Ltd\AppData\Local\Programs\MiKTeX\tex/latex/kvoptions\kvoptions
.sty
Package: kvoptions 2020-10-07 v3.14 Key value format for package options (HO)
)
\@linkdim=\dimen265
\Hy@linkcounter=\count293
\Hy@pagecounter=\count294

(C:\Users\Amtel Ltd\AppData\Local\Programs\MiKTeX\tex/latex/hyperref\pd1enc.def
File: pd1enc.def 2021-06-07 v7.00m Hyperref: PDFDocEncoding definition (HO)
)
(C:\Users\Amtel Ltd\AppData\Local\Programs\MiKTeX\tex/latex/hyperref\hyperref-l
angpatches.def
File: hyperref-langpatches.def 2021-06-07 v7.00m Hyperref: patches for babel la
nguages
)
(C:\Users\Amtel Ltd\AppData\Local\Programs\MiKTeX\tex/generic/intcalc\intcalc.s
ty
Package: intcalc 2019/12/15 v1.3 Expandable calculations with integers (HO)
)
(C:\Users\Amtel Ltd\AppData\Local\Programs\MiKTeX\tex/generic/etexcmds\etexcmds
.sty
Package: etexcmds 2019/12/15 v1.7 Avoid name clashes with e-TeX commands (HO)
)
\Hy@SavedSpaceFactor=\count295

(C:\Users\Amtel Ltd\AppData\Local\Programs\MiKTeX\tex/latex/hyperref\puenc.def
File: puenc.def 2021-06-07 v7.00m Hyperref: PDF Unicode definition (HO)
)
Package hyperref Info: Option `bookmarks' set `true' on input line 4073.
Package hyperref Info: Option `bookmarksopen' set `true' on input line 4073.
Package hyperref Info: Option `implicit' set `false' on input line 4073.
Package hyperref Info: Hyper figures OFF on input line 4192.
Package hyperref Info: Link nesting OFF on input line 4197.
Package hyperref Info: Hyper index ON on input line 4200.
Package hyperref Info: Plain pages OFF on input line 4207.
Package hyperref Info: Backreferencing OFF on input line 4212.
Package hyperref Info: Implicit mode OFF; no redefinition of LaTeX internals.
Package hyperref Info: Bookmarks ON on input line 4445.
\c@Hy@tempcnt=\count296
(C:\Users\Amtel Ltd\AppData\Local\Programs\MiKTeX\tex/latex/url\url.sty
\Urlmuskip=\muskip16
Package: url 2013/09/16  ver 3.4  Verb mode for urls, etc.
)
LaTeX Info: Redefining \url on input line 4804.
\XeTeXLinkMargin=\dimen266

(C:\Users\Amtel Ltd\AppData\Local\Programs\MiKTeX\tex/generic/bitset\bitset.sty
Package: bitset 2019/12/09 v1.3 Handle bit-vector datatype (HO)

(C:\Users\Amtel Ltd\AppData\Local\Programs\MiKTeX\tex/generic/bigintcalc\bigint
calc.sty
Package: bigintcalc 2019/12/15 v1.5 Expandable calculations on big integers (HO
)
))
\Fld@menulength=\count297
\Field@Width=\dimen267
\Fld@charsize=\dimen268
Package hyperref Info: Hyper figures OFF on input line 6076.
Package hyperref Info: Link nesting OFF on input line 6081.
Package hyperref Info: Hyper index ON on input line 6084.
Package hyperref Info: backreferencing OFF on input line 6091.
Package hyperref Info: Link coloring OFF on input line 6096.
Package hyperref Info: Link coloring with OCG OFF on input line 6101.
Package hyperref Info: PDF/A mode OFF on input line 6106.
LaTeX Info: Redefining \ref on input line 6146.
LaTeX Info: Redefining \pageref on input line 6150.
\Hy@abspage=\count298


Package hyperref Message: Stopped early.

)
Package hyperref Info: Driver (autodetected): hxetex.

(C:\Users\Amtel Ltd\AppData\Local\Programs\MiKTeX\tex/latex/hyperref\hxetex.def
File: hxetex.def 2021-06-07 v7.00m Hyperref driver for XeTeX

(C:\Users\Amtel Ltd\AppData\Local\Programs\MiKTeX\tex/generic/stringenc\stringe
nc.sty
Package: stringenc 2019/11/29 v1.12 Convert strings between diff. encodings (HO
)
)
\pdfm@box=\box65
\c@Hy@AnnotLevel=\count299
\HyField@AnnotCount=\count300
\Fld@listcount=\count301
\c@bookmark@seq@number=\count302

(C:\Users\Amtel Ltd\AppData\Local\Programs\MiKTeX\tex/latex/rerunfilecheck\reru
nfilecheck.sty
Package: rerunfilecheck 2019/12/05 v1.9 Rerun checks for auxiliary files (HO)

(C:\Users\Amtel Ltd\AppData\Local\Programs\MiKTeX\tex/latex/base\atveryend-ltx.
sty
Package: atveryend-ltx 2020/08/19 v1.0a Emulation of the original atveryend pac
kage
with kernel methods
)
(C:\Users\Amtel Ltd\AppData\Local\Programs\MiKTeX\tex/generic/uniquecounter\uni
quecounter.sty
Package: uniquecounter 2019/12/15 v1.4 Provide unlimited unique counter (HO)
)
Package uniquecounter Info: New unique counter `rerunfilecheck' on input line 2
86.
))
(C:\Users\Amtel Ltd\AppData\Local\Programs\MiKTeX\tex/latex/beamer\beamerbasere
quires.sty
(C:\Users\Amtel Ltd\AppData\Local\Programs\MiKTeX\tex/latex/beamer\beamerbaseco
mpatibility.sty)
(C:\Users\Amtel Ltd\AppData\Local\Programs\MiKTeX\tex/latex/beamer\beamerbasefo
nt.sty
(C:\Users\Amtel Ltd\AppData\Local\Programs\MiKTeX\tex/latex/amsfonts\amssymb.st
y
Package: amssymb 2013/01/14 v3.01 AMS font symbols

(C:\Users\Amtel Ltd\AppData\Local\Programs\MiKTeX\tex/latex/amsfonts\amsfonts.s
ty
Package: amsfonts 2013/01/14 v3.01 Basic AMSFonts support
\@emptytoks=\toks28
\symAMSa=\mathgroup4
\symAMSb=\mathgroup5
LaTeX Font Info:    Redeclaring math symbol \hbar on input line 98.
LaTeX Font Info:    Overwriting math alphabet `\mathfrak' in version `bold'
(Font)                  U/euf/m/n --> U/euf/b/n on input line 106.
))
(C:\Users\Amtel Ltd\AppData\Local\Programs\MiKTeX\tex/latex/sansmathaccent\sans
mathaccent.sty
Package: sansmathaccent 2020/01/31

(C:\Users\Amtel Ltd\AppData\Local\Programs\MiKTeX\tex/latex/koma-script\scrlfil
e.sty
Package: scrlfile 2021/11/13 v3.35 KOMA-Script package (file load hooks)

(C:\Users\Amtel Ltd\AppData\Local\Programs\MiKTeX\tex/latex/koma-script\scrlfil
e-hook.sty
Package: scrlfile-hook 2021/11/13 v3.35 KOMA-Script package (using LaTeX hooks)


(C:\Users\Amtel Ltd\AppData\Local\Programs\MiKTeX\tex/latex/koma-script\scrlogo
.sty
Package: scrlogo 2021/11/13 v3.35 KOMA-Script package (logo)
)))))
(C:\Users\Amtel Ltd\AppData\Local\Programs\MiKTeX\tex/latex/beamer\beamerbasetr
anslator.sty
(C:\Users\Amtel Ltd\AppData\Local\Programs\MiKTeX\tex/latex/translator\translat
or.sty
Package: translator 2021-05-31 v1.12d Easy translation of strings in LaTeX
))
(C:\Users\Amtel Ltd\AppData\Local\Programs\MiKTeX\tex/latex/beamer\beamerbasemi
sc.sty)
(C:\Users\Amtel Ltd\AppData\Local\Programs\MiKTeX\tex/latex/beamer\beamerbasetw
oscreens.sty)
(C:\Users\Amtel Ltd\AppData\Local\Programs\MiKTeX\tex/latex/beamer\beamerbaseov
erlay.sty
\beamer@argscount=\count303
\beamer@lastskipcover=\skip50
\beamer@trivlistdepth=\count304
)
(C:\Users\Amtel Ltd\AppData\Local\Programs\MiKTeX\tex/latex/beamer\beamerbaseti
tle.sty)
(C:\Users\Amtel Ltd\AppData\Local\Programs\MiKTeX\tex/latex/beamer\beamerbasese
ction.sty
\c@lecture=\count305
\c@part=\count306
\c@section=\count307
\c@subsection=\count308
\c@subsubsection=\count309
)
(C:\Users\Amtel Ltd\AppData\Local\Programs\MiKTeX\tex/latex/beamer\beamerbasefr
ame.sty
\beamer@framebox=\box66
\beamer@frametitlebox=\box67
\beamer@zoombox=\box68
\beamer@zoomcount=\count310
\beamer@zoomframecount=\count311
\beamer@frametextheight=\dimen269
\c@subsectionslide=\count312
\beamer@frametopskip=\skip51
\beamer@framebottomskip=\skip52
\beamer@frametopskipautobreak=\skip53
\beamer@framebottomskipautobreak=\skip54
\beamer@envbody=\toks29
\framewidth=\dimen270
\c@framenumber=\count313
)
(C:\Users\Amtel Ltd\AppData\Local\Programs\MiKTeX\tex/latex/beamer\beamerbaseve
rbatim.sty
\beamer@verbatimfileout=\write4
)
(C:\Users\Amtel Ltd\AppData\Local\Programs\MiKTeX\tex/latex/beamer\beamerbasefr
amesize.sty
\beamer@splitbox=\box69
\beamer@autobreakcount=\count314
\beamer@autobreaklastheight=\dimen271
\beamer@frametitletoks=\toks30
\beamer@framesubtitletoks=\toks31
)
(C:\Users\Amtel Ltd\AppData\Local\Programs\MiKTeX\tex/latex/beamer\beamerbasefr
amecomponents.sty
\beamer@footins=\box70
)
(C:\Users\Amtel Ltd\AppData\Local\Programs\MiKTeX\tex/latex/beamer\beamerbaseco
lor.sty)
(C:\Users\Amtel Ltd\AppData\Local\Programs\MiKTeX\tex/latex/beamer\beamerbaseno
tes.sty
\beamer@frameboxcopy=\box71
)
(C:\Users\Amtel Ltd\AppData\Local\Programs\MiKTeX\tex/latex/beamer\beamerbaseto
c.sty)
(C:\Users\Amtel Ltd\AppData\Local\Programs\MiKTeX\tex/latex/beamer\beamerbasete
mplates.sty
\beamer@sbttoks=\toks32

(C:\Users\Amtel Ltd\AppData\Local\Programs\MiKTeX\tex/latex/beamer\beamerbaseau
xtemplates.sty
(C:\Users\Amtel Ltd\AppData\Local\Programs\MiKTeX\tex/latex/beamer\beamerbasebo
xes.sty
\bmb@box=\box72
\bmb@colorbox=\box73
\bmb@boxwidth=\dimen272
\bmb@boxheight=\dimen273
\bmb@prevheight=\dimen274
\bmb@temp=\dimen275
\bmb@dima=\dimen276
\bmb@dimb=\dimen277
\bmb@prevheight=\dimen278
)
\beamer@blockheadheight=\dimen279
))
(C:\Users\Amtel Ltd\AppData\Local\Programs\MiKTeX\tex/latex/beamer\beamerbaselo
calstructure.sty
(C:\Users\Amtel Ltd\AppData\Local\Programs\MiKTeX\tex/latex/tools\enumerate.sty
Package: enumerate 2015/07/23 v3.00 enumerate extensions (DPC)
\@enLab=\toks33
)
\beamer@bibiconwidth=\skip55
\c@figure=\count315
\c@table=\count316
\abovecaptionskip=\skip56
\belowcaptionskip=\skip57
)
(C:\Users\Amtel Ltd\AppData\Local\Programs\MiKTeX\tex/latex/beamer\beamerbasena
vigation.sty
\beamer@section@min@dim=\dimen280
)
(C:\Users\Amtel Ltd\AppData\Local\Programs\MiKTeX\tex/latex/beamer\beamerbaseth
eorems.sty
(C:\Users\Amtel Ltd\AppData\Local\Programs\MiKTeX\tex/latex/amsmath\amsmath.sty
Package: amsmath 2022/04/08 v2.17n AMS math features
\@mathmargin=\skip58
For additional information on amsmath, use the `?' option.

(C:\Users\Amtel Ltd\AppData\Local\Programs\MiKTeX\tex/latex/amsmath\amstext.sty
Package: amstext 2021/08/26 v2.01 AMS text
(C:\Users\Amtel Ltd\AppData\Local\Programs\MiKTeX\tex/latex/amsmath\amsgen.sty
File: amsgen.sty 1999/11/30 v2.0 generic functions
\@emptytoks=\toks34
\ex@=\dimen281
))
(C:\Users\Amtel Ltd\AppData\Local\Programs\MiKTeX\tex/latex/amsmath\amsbsy.sty
Package: amsbsy 1999/11/29 v1.2d Bold Symbols
\pmbraise@=\dimen282
) (C:\Users\Amtel Ltd\AppData\Local\Programs\MiKTeX\tex/latex/amsmath\amsopn.st
y
Package: amsopn 2022/04/08 v2.04 operator names
)
\inf@bad=\count317
LaTeX Info: Redefining \frac on input line 234.
\uproot@=\count318
\leftroot@=\count319
LaTeX Info: Redefining \overline on input line 399.
LaTeX Info: Redefining \colon on input line 410.
\classnum@=\count320
\DOTSCASE@=\count321
LaTeX Info: Redefining \ldots on input line 496.
LaTeX Info: Redefining \dots on input line 499.
LaTeX Info: Redefining \cdots on input line 620.
\Mathstrutbox@=\box74
\strutbox@=\box75
LaTeX Info: Redefining \big on input line 722.
LaTeX Info: Redefining \Big on input line 723.
LaTeX Info: Redefining \bigg on input line 724.
LaTeX Info: Redefining \Bigg on input line 725.
\big@size=\dimen283
LaTeX Font Info:    Redeclaring font encoding OML on input line 743.
LaTeX Font Info:    Redeclaring font encoding OMS on input line 744.
\macc@depth=\count322
LaTeX Info: Redefining \bmod on input line 905.
LaTeX Info: Redefining \pmod on input line 910.
LaTeX Info: Redefining \smash on input line 940.
LaTeX Info: Redefining \relbar on input line 970.
LaTeX Info: Redefining \Relbar on input line 971.
\c@MaxMatrixCols=\count323
\dotsspace@=\muskip17
\c@parentequation=\count324
\dspbrk@lvl=\count325
\tag@help=\toks35
\row@=\count326
\column@=\count327
\maxfields@=\count328
\andhelp@=\toks36
\eqnshift@=\dimen284
\alignsep@=\dimen285
\tagshift@=\dimen286
\tagwidth@=\dimen287
\totwidth@=\dimen288
\lineht@=\dimen289
\@envbody=\toks37
\multlinegap=\skip59
\multlinetaggap=\skip60
\mathdisplay@stack=\toks38
LaTeX Info: Redefining \[ on input line 2953.
LaTeX Info: Redefining \] on input line 2954.
)
(C:\Users\Amtel Ltd\AppData\Local\Programs\MiKTeX\tex/latex/amscls\amsthm.sty
Package: amsthm 2020/05/29 v2.20.6
\thm@style=\toks39
\thm@bodyfont=\toks40
\thm@headfont=\toks41
\thm@notefont=\toks42
\thm@headpunct=\toks43
\thm@preskip=\skip61
\thm@postskip=\skip62
\thm@headsep=\skip63
\dth@everypar=\toks44
)
\c@theorem=\count329
)
(C:\Users\Amtel Ltd\AppData\Local\Programs\MiKTeX\tex/latex/beamer\beamerbaseth
emes.sty))
(C:\Users\Amtel Ltd\AppData\Local\Programs\MiKTeX\tex/latex/beamer\beamerthemed
efault.sty
(C:\Users\Amtel Ltd\AppData\Local\Programs\MiKTeX\tex/latex/beamer\beamerfontth
emedefault.sty)
(C:\Users\Amtel Ltd\AppData\Local\Programs\MiKTeX\tex/latex/beamer\beamercolort
hemedefault.sty)
(C:\Users\Amtel Ltd\AppData\Local\Programs\MiKTeX\tex/latex/beamer\beamerinnert
hemedefault.sty
\beamer@dima=\dimen290
\beamer@dimb=\dimen291
)
(C:\Users\Amtel Ltd\AppData\Local\Programs\MiKTeX\tex/latex/beamer\beameroutert
hemedefault.sty)))
(C:\Users\Amtel Ltd\AppData\Local\Programs\MiKTeX\tex/latex/base\inputenc.sty
Package: inputenc 2021/02/14 v1.3d Input encoding file
\inpenc@prehook=\toks45
\inpenc@posthook=\toks46


Package inputenc Warning: inputenc package ignored with utf8 based engines.

) (C:\Users\Amtel Ltd\AppData\Local\Programs\MiKTeX\tex/xelatex/xecjk\xeCJK.sty
(C:\Users\Amtel Ltd\AppData\Local\Programs\MiKTeX\tex/latex/l3kernel\expl3.sty
Package: expl3 2021-11-22 L3 programming layer (loader) 

(C:\Users\Amtel Ltd\AppData\Local\Programs\MiKTeX\tex/latex/l3backend\l3backend
-xetex.def
File: l3backend-xetex.def 2021-10-18 L3 backend support: XeTeX
 ()
\c__kernel_sys_dvipdfmx_version_int=\count330
\l__color_backend_stack_int=\count331
\g__color_backend_stack_int=\count332
\g__graphics_track_int=\count333
\l__pdf_internal_box=\box76
\g__pdf_backend_object_int=\count334
\g__pdf_backend_annotation_int=\count335
\g__pdf_backend_link_int=\count336
))
Package: xeCJK 2021/12/12 v3.8.8 Typesetting CJK scripts with XeLaTeX

(C:\Users\Amtel Ltd\AppData\Local\Programs\MiKTeX\tex/latex/ctex\ctexhook.sty
Package: ctexhook 2021/12/12 v2.5.8 Document and package hooks (CTEX)
)
(C:\Users\Amtel Ltd\AppData\Local\Programs\MiKTeX\tex/latex/l3packages/l3keys2e
\l3keys2e.sty
Package: l3keys2e 2021-11-12 LaTeX2e option processing using LaTeX3 keys
)
(C:\Users\Amtel Ltd\AppData\Local\Programs\MiKTeX\tex/latex/l3packages/xtemplat
e\xtemplate.sty
Package: xtemplate 2021-11-12 L3 Experimental prototype document functions
\l__xtemplate_tmp_dim=\dimen292
\l__xtemplate_tmp_int=\count337
\l__xtemplate_tmp_muskip=\muskip18
\l__xtemplate_tmp_skip=\skip64
)
(C:\Users\Amtel Ltd\AppData\Local\Programs\MiKTeX\tex/latex/l3packages/xparse\x
parse.sty
Package: xparse 2021-11-12 L3 Experimental document command parser
)
\l__xeCJK_tmp_int=\count338
\l__xeCJK_tmp_box=\box77
\l__xeCJK_tmp_dim=\dimen293
\l__xeCJK_tmp_skip=\skip65
\g__xeCJK_space_factor_int=\count339
\l__xeCJK_begin_int=\count340
\l__xeCJK_end_int=\count341
\c__xeCJK_CJK_class_int=\XeTeXcharclass1
\c__xeCJK_FullLeft_class_int=\XeTeXcharclass2
\c__xeCJK_FullRight_class_int=\XeTeXcharclass3
\c__xeCJK_HalfLeft_class_int=\XeTeXcharclass4
\c__xeCJK_HalfRight_class_int=\XeTeXcharclass5
\c__xeCJK_NormalSpace_class_int=\XeTeXcharclass6
\c__xeCJK_CM_class_int=\XeTeXcharclass7
\c__xeCJK_HangulJamo_class_int=\XeTeXcharclass8
\l__xeCJK_last_skip=\skip66
\g__xeCJK_node_int=\count342
\c__xeCJK_CJK_node_dim=\dimen294
\c__xeCJK_CJK-space_node_dim=\dimen295
\c__xeCJK_default_node_dim=\dimen296
\c__xeCJK_default-space_node_dim=\dimen297
\c__xeCJK_CJK-widow_node_dim=\dimen298
\c__xeCJK_normalspace_node_dim=\dimen299
\l__xeCJK_ccglue_skip=\skip67
\l__xeCJK_ecglue_skip=\skip68
\l__xeCJK_punct_kern_skip=\skip69
\l__xeCJK_last_penalty_int=\count343
\l__xeCJK_last_bound_dim=\dimen300
\l__xeCJK_last_kern_dim=\dimen301
\l__xeCJK_widow_penalty_int=\count344

Package xtemplate Info: Declaring object type 'xeCJK/punctuation' taking 0
(xtemplate)             argument(s) on line 2337.

\l__xeCJK_fixed_punct_width_dim=\dimen302
\l__xeCJK_mixed_punct_width_dim=\dimen303
\l__xeCJK_middle_punct_width_dim=\dimen304
\l__xeCJK_fixed_margin_width_dim=\dimen305
\l__xeCJK_mixed_margin_width_dim=\dimen306
\l__xeCJK_middle_margin_width_dim=\dimen307
\l__xeCJK_bound_punct_width_dim=\dimen308
\l__xeCJK_bound_margin_width_dim=\dimen309
\l__xeCJK_margin_minimum_dim=\dimen310
\l__xeCJK_kerning_total_width_dim=\dimen311
\l__xeCJK_same_align_margin_dim=\dimen312
\l__xeCJK_different_align_margin_dim=\dimen313
\l__xeCJK_kerning_margin_width_dim=\dimen314
\l__xeCJK_kerning_margin_minimum_dim=\dimen315
\l__xeCJK_bound_dim=\dimen316
\l__xeCJK_reverse_bound_dim=\dimen317
\l__xeCJK_margin_dim=\dimen318
\l__xeCJK_minimum_bound_dim=\dimen319
\l__xeCJK_kerning_margin_dim=\dimen320
\g__xeCJK_family_int=\count345
\l__xeCJK_fam_int=\count346
\g__xeCJK_fam_allocation_int=\count347
\l__xeCJK_verb_case_int=\count348
\l__xeCJK_verb_exspace_skip=\skip70

(C:\Users\Amtel Ltd\AppData\Local\Programs\MiKTeX\tex/latex/fontspec\fontspec.s
ty
Package: fontspec 2020/02/21 v2.7i Font selection for XeLaTeX and LuaLaTeX

(C:\Users\Amtel Ltd\AppData\Local\Programs\MiKTeX\tex/latex/fontspec\fontspec-x
etex.sty
Package: fontspec-xetex 2020/02/21 v2.7i Font selection for XeLaTeX and LuaLaTe
X
\l__fontspec_script_int=\count349
\l__fontspec_language_int=\count350
\l__fontspec_strnum_int=\count351
\l__fontspec_tmp_int=\count352
\l__fontspec_tmpa_int=\count353
\l__fontspec_tmpb_int=\count354
\l__fontspec_tmpc_int=\count355
\l__fontspec_em_int=\count356
\l__fontspec_emdef_int=\count357
\l__fontspec_strong_int=\count358
\l__fontspec_strongdef_int=\count359
\l__fontspec_tmpa_dim=\dimen321
\l__fontspec_tmpb_dim=\dimen322
\l__fontspec_tmpc_dim=\dimen323

(C:\Users\Amtel Ltd\AppData\Local\Programs\MiKTeX\tex/latex/base\fontenc.sty
Package: fontenc 2021/04/29 v2.0v Standard LaTeX package
)
(C:\Users\Amtel Ltd\AppData\Local\Programs\MiKTeX\tex/latex/fontspec\fontspec.c
fg)))
(C:\Users\Amtel Ltd\AppData\Local\Programs\MiKTeX\tex/xelatex/xecjk\xeCJK.cfg
File: xeCJK.cfg 2021/12/12 v3.8.8 Configuration file for xeCJK package
))
(C:\Users\Amtel Ltd\AppData\Local\Programs\MiKTeX\tex/latex/mathtools\mathtools
.sty
Package: mathtools 2022/02/07 v1.28a mathematical typesetting tools
 (C:\Users\Amtel Ltd\AppData\Local\Programs\MiKTeX\tex/latex/tools\calc.sty
Package: calc 2017/05/25 v4.3 Infix arithmetic (KKT,FJ)
\calc@Acount=\count360
\calc@Bcount=\count361
\calc@Adimen=\dimen324
\calc@Bdimen=\dimen325
\calc@Askip=\skip71
\calc@Bskip=\skip72
LaTeX Info: Redefining \setlength on input line 80.
LaTeX Info: Redefining \addtolength on input line 81.
\calc@Ccount=\count362
\calc@Cskip=\skip73
)
(C:\Users\Amtel Ltd\AppData\Local\Programs\MiKTeX\tex/latex/mathtools\mhsetup.s
ty
Package: mhsetup 2021/03/18 v1.4 programming setup (MH)
)
\g_MT_multlinerow_int=\count363
\l_MT_multwidth_dim=\dimen326
\origjot=\skip74
\l_MT_shortvdotswithinadjustabove_dim=\dimen327
\l_MT_shortvdotswithinadjustbelow_dim=\dimen328
\l_MT_above_intertext_sep=\dimen329
\l_MT_below_intertext_sep=\dimen330
\l_MT_above_shortintertext_sep=\dimen331
\l_MT_below_shortintertext_sep=\dimen332
\xmathstrut@box=\box78
\xmathstrut@dim=\dimen333
)
(C:\Users\Amtel Ltd\AppData\Local\Programs\MiKTeX\tex/latex/psnfss\utopia.sty
Package: utopia 2020/03/25 PSNFSS-v9.3 (P.Dyballa) 


Package utopia Warning: This package is to be regarded as obsolete.
(utopia)                See the PSNFSS documentation.

)
(C:\Users\Amtel Ltd\AppData\Local\Programs\MiKTeX\tex/latex/beamer\beamerthemeC
ambridgeUS.sty
(C:\Users\Amtel Ltd\AppData\Local\Programs\MiKTeX\tex/latex/beamer\beamerinnert
hemerounded.sty)
(C:\Users\Amtel Ltd\AppData\Local\Programs\MiKTeX\tex/latex/beamer\beameroutert
hemeinfolines.sty)
(C:\Users\Amtel Ltd\AppData\Local\Programs\MiKTeX\tex/latex/beamer\beamercolort
hemebeaver.sty))
(C:\Users\Amtel Ltd\AppData\Local\Programs\MiKTeX\tex/latex/beamer\beamercolort
hemedolphin.sty)
(C:\Users\Amtel Ltd\AppData\Local\Programs\MiKTeX\tex/latex/minted\minted.sty
Package: minted 2021/12/24 v2.6 Yet another Pygments shim for LaTeX

(C:\Users\Amtel Ltd\AppData\Local\Programs\MiKTeX\tex/latex/fvextra\fvextra.sty
Package: fvextra 2019/02/04 v1.4 fvextra - extensions and patches for fancyvrb
(C:\Users\Amtel Ltd\AppData\Local\Programs\MiKTeX\tex/latex/base\ifthen.sty
Package: ifthen 2020/11/24 v1.1c Standard LaTeX ifthen package (DPC)
)
(C:\Users\Amtel Ltd\AppData\Local\Programs\MiKTeX\tex/latex/fancyvrb\fancyvrb.s
ty
Package: fancyvrb 2021/12/21 4.1b verbatim text (tvz,hv)
\FV@CodeLineNo=\count364
\FV@InFile=\read3
\FV@TabBox=\box79
\c@FancyVerbLine=\count365
\FV@StepNumber=\count366
\FV@OutFile=\write5
)
(C:\Users\Amtel Ltd\AppData\Local\Programs\MiKTeX\tex/latex/upquote\upquote.sty
Package: upquote 2012/04/19 v1.3 upright-quote and grave-accent glyphs in verba
tim
(C:\Users\Amtel Ltd\AppData\Local\Programs\MiKTeX\tex/latex/base\textcomp.sty
Package: textcomp 2020/02/02 v2.0n Standard LaTeX package
)) (C:\Users\Amtel Ltd\AppData\Local\Programs\MiKTeX\tex/latex/lineno\lineno.st
y
Package: lineno 2005/11/02 line numbers on paragraphs v4.41
Invalid UTF-8 byte or sequence at line 296 replaced by U+FFFD.
\linenopenalty=\count367
\output=\toks47
\linenoprevgraf=\count368
\linenumbersep=\dimen334
\linenumberwidth=\dimen335
\c@linenumber=\count369
\c@pagewiselinenumber=\count370
\c@LN@truepage=\count371
\c@internallinenumber=\count372
\c@internallinenumbers=\count373
\quotelinenumbersep=\dimen336
\bframerule=\dimen337
\bframesep=\dimen338
\bframebox=\box80
LaTeX Info: Redefining \\ on input line 3056.
)
\c@FV@TrueTabGroupLevel=\count374
\c@FV@TrueTabCounter=\count375
\FV@TabBox@Group=\box81
\FV@TmpLength=\skip75
\c@FV@HighlightLinesStart=\count376
\c@FV@HighlightLinesStop=\count377
\FV@LoopCount=\count378
\FV@NCharsBox=\box82
\FV@BreakIndent=\dimen339
\FV@BreakIndentNChars=\count379
\FV@BreakSymbolSepLeft=\dimen340
\FV@BreakSymbolSepLeftNChars=\count380
\FV@BreakSymbolSepRight=\dimen341
\FV@BreakSymbolSepRightNChars=\count381
\FV@BreakSymbolIndentLeft=\dimen342
\FV@BreakSymbolIndentLeftNChars=\count382
\FV@BreakSymbolIndentRight=\dimen343
\FV@BreakSymbolIndentRightNChars=\count383
\c@FancyVerbLineBreakLast=\count384
\FV@LineBox=\box83
\FV@LineIndentBox=\box84
\FV@LineWidth=\dimen344
)
(C:\Users\Amtel Ltd\AppData\Local\Programs\MiKTeX\tex/latex/tools\shellesc.sty
Package: shellesc 2019/11/08 v1.0c unified shell escape interface for LaTeX
Package shellesc Info: Unrestricted shell escape enabled on input line 75.
)
(C:\Users\Amtel Ltd\AppData\Local\Programs\MiKTeX\tex/latex/ifplatform\ifplatfo
rm.sty
Package: ifplatform 2017/10/13 v0.4a Testing for the operating system

(C:\Users\Amtel Ltd\AppData\Local\Programs\MiKTeX\tex/generic/catchfile\catchfi
le.sty
Package: catchfile 2019/12/09 v1.8 Catch the contents of a file (HO)
)
(C:\Users\Amtel Ltd\AppData\Local\Programs\MiKTeX\tex/generic/iftex\ifluatex.st
y
Package: ifluatex 2019/10/25 v1.5 ifluatex legacy package. Use iftex instead.
))
(C:\Users\Amtel Ltd\AppData\Local\Programs\MiKTeX\tex/latex/xstring\xstring.sty

(C:\Users\Amtel Ltd\AppData\Local\Programs\MiKTeX\tex/generic/xstring\xstring.t
ex
\integerpart=\count385
\decimalpart=\count386
)
Package: xstring 2021/07/21 v1.84 String manipulations (CT)
)
(C:\Users\Amtel Ltd\AppData\Local\Programs\MiKTeX\tex/latex/framed\framed.sty
Package: framed 2011/10/22 v 0.96: framed or shaded text with page breaks
\OuterFrameSep=\skip76
\fb@frw=\dimen345
\fb@frh=\dimen346
\FrameRule=\dimen347
\FrameSep=\dimen348
)
(C:\Users\Amtel Ltd\AppData\Local\Programs\MiKTeX\tex/latex/float\float.sty
Package: float 2001/11/08 v1.3d Float enhancements (AL)
\c@float@type=\count387
\float@exts=\toks48
\float@box=\box85
\@float@everytoks=\toks49
\@floatcapt=\box86
)
\minted@appexistsfile=\read4
\minted@bgbox=\box87
\minted@code=\write6
\c@minted@FancyVerbLineTemp=\count388
\c@minted@pygmentizecounter=\count389
\@float@every@listing=\toks50
\c@listing=\count390
)
runsystem(if not exist _minted-Data_Visualization mkdir _minted-Data_Visualizat
ion)...executed.


(C:\Users\Amtel Ltd\AppData\Local\Programs\MiKTeX\tex/latex/tools\verbatim.sty
Package: verbatim 2020-07-07 v1.5u LaTeX2e package for verbatim enhancements
\every@verbatim=\toks51
\verbatim@line=\toks52
\verbatim@in@stream=\read5
) (C:\Users\Amtel Ltd\AppData\Local\Programs\MiKTeX\tex/latex/subfig\subfig.sty
Package: subfig 2005/06/28 ver: 1.3 subfig package

(C:\Users\Amtel Ltd\AppData\Local\Programs\MiKTeX\tex/latex/caption\caption.sty
Package: caption 2022/02/20 v3.6 Customizing captions (AR)

(C:\Users\Amtel Ltd\AppData\Local\Programs\MiKTeX\tex/latex/caption\caption3.st
y
Package: caption3 2022/01/07 v2.3 caption3 kernel (AR)
\caption@tempdima=\dimen349
\captionmargin=\dimen350
\caption@leftmargin=\dimen351
\caption@rightmargin=\dimen352
\caption@width=\dimen353
\caption@indent=\dimen354
\caption@parindent=\dimen355
\caption@hangindent=\dimen356
Package caption Info: beamer document class detected.

(C:\Users\Amtel Ltd\AppData\Local\Programs\MiKTeX\tex/latex/caption\caption-bea
mer.sto
File: caption-beamer.sto 2022/01/06 v2.0c Adaption of the caption package to th
e beamer document classes (AR)
))
\c@caption@flags=\count391
\c@continuedfloat=\count392
Package caption Info: float package is loaded.
Package caption Info: hyperref package is loaded.
Package caption Info: Hyperref support is turned off
(caption)             because hyperref has stopped early.
)
\c@KVtest=\count393
\sf@farskip=\skip77
\sf@captopadj=\dimen357
\sf@capskip=\skip78
\sf@nearskip=\skip79
\c@subfigure=\count394
\c@subfigure@save=\count395
\c@depth=\count396
\c@subtable=\count397
\c@subtable@save=\count398
\sf@top=\skip80
\sf@bottom=\skip81
)
(C:\Users\Amtel Ltd\AppData\Local\Programs\MiKTeX\tex/latex/beamer\beamerfontth
emeprofessionalfonts.sty)
(C:\Users\Amtel Ltd\AppData\Local\Programs\MiKTeX\tex/latex/natbib\natbib.sty
Package: natbib 2010/09/13 8.31b (PWD, AO)
\bibhang=\skip82
\bibsep=\skip83
LaTeX Info: Redefining \cite on input line 694.
\c@NAT@ctr=\count399
)

Package hyperref Warning: Token not allowed in a PDF string (Unicode):
(hyperref)                removing `\\' on input line 42.


Package hyperref Warning: Token not allowed in a PDF string (Unicode):
(hyperref)                removing `\new@ifnextchar' on input line 42.


Package hyperref Warning: Token not allowed in a PDF string (Unicode):
(hyperref)                removing `\includegraphics' on input line 42.


Package xeCJK Warning: Fandol is being set as the default font for CJK text.
(xeCJK)                Please make sure it has been properly installed.


Package fontspec Warning: Font "FandolHei-Regular" does not contain requested
(fontspec)                Script "CJK".


Package fontspec Info: Font family 'FandolHei-Regular(0)' created for font
(fontspec)             'FandolHei-Regular' with options
(fontspec)             [Script={CJK},Extension={.otf},BoldFont={FandolHei-Bold}
].
(fontspec)              
(fontspec)              This font family consists of the following NFSS
(fontspec)             series/shapes:
(fontspec)              
(fontspec)             - 'normal' (m/n) with NFSS spec.:
(fontspec)             <->"[FandolHei-Regular.otf]/OT:language=dflt;"
(fontspec)             - 'small caps'  (m/sc) with NFSS spec.: 
(fontspec)             - 'bold' (b/n) with NFSS spec.:
(fontspec)             <->"[FandolHei-Bold.otf]/OT:language=dflt;"
(fontspec)             - 'bold small caps'  (b/sc) with NFSS spec.: 

runsystem(for ^%i in (pygmentize.exe pygmentize.bat pygmentize.cmd) do set > Da
ta_Visualization.aex <nul: /p x=^%~$PATH:i>> Data_Visualization.aex)...executed
.

runsystem(del Data_Visualization.aex)...executed.

(Data_Visualization.aux)
\openout1 = `Data_Visualization.aux'.

LaTeX Font Info:    Checking defaults for OML/cmm/m/it on input line 70.
LaTeX Font Info:    ... okay on input line 70.
LaTeX Font Info:    Checking defaults for OMS/cmsy/m/n on input line 70.
LaTeX Font Info:    ... okay on input line 70.
LaTeX Font Info:    Checking defaults for OT1/cmr/m/n on input line 70.
LaTeX Font Info:    ... okay on input line 70.
LaTeX Font Info:    Checking defaults for T1/cmr/m/n on input line 70.
LaTeX Font Info:    ... okay on input line 70.
LaTeX Font Info:    Checking defaults for TS1/cmr/m/n on input line 70.
LaTeX Font Info:    Trying to load font information for TS1+cmr on input line 7
0.

(C:\Users\Amtel Ltd\AppData\Local\Programs\MiKTeX\tex/latex/base\ts1cmr.fd
File: ts1cmr.fd 2019/12/16 v2.5j Standard LaTeX font definitions
)
LaTeX Font Info:    ... okay on input line 70.
LaTeX Font Info:    Checking defaults for TU/lmr/m/n on input line 70.
LaTeX Font Info:    ... okay on input line 70.
LaTeX Font Info:    Checking defaults for OMX/cmex/m/n on input line 70.
LaTeX Font Info:    ... okay on input line 70.
LaTeX Font Info:    Checking defaults for U/cmr/m/n on input line 70.
LaTeX Font Info:    ... okay on input line 70.
LaTeX Font Info:    Checking defaults for PD1/pdf/m/n on input line 70.
LaTeX Font Info:    ... okay on input line 70.
LaTeX Font Info:    Checking defaults for PU/pdf/m/n on input line 70.
LaTeX Font Info:    ... okay on input line 70.

*geometry* driver: auto-detecting
*geometry* detected driver: xetex
*geometry* verbose mode - [ preamble ] result:
* driver: xetex
* paper: custom
* layout: <same size as paper>
* layoutoffset:(h,v)=(0.0pt,0.0pt)
* modes: includehead includefoot 
* h-part:(L,W,R)=(12.0pt, 340.19536pt, 12.0pt)
* v-part:(T,H,B)=(0.0pt, 273.14662pt, 0.0pt)
* \paperwidth=364.19536pt
* \paperheight=273.14662pt
* \textwidth=340.19536pt
* \textheight=244.6939pt
* \oddsidemargin=-60.26999pt
* \evensidemargin=-60.26999pt
* \topmargin=-72.26999pt
* \headheight=14.22636pt
* \headsep=0.0pt
* \topskip=12.0pt
* \footskip=14.22636pt
* \marginparwidth=4.0pt
* \marginparsep=10.0pt
* \columnsep=10.0pt
* \skip\footins=10.8pt plus 4.0pt minus 2.0pt
* \hoffset=0.0pt
* \voffset=0.0pt
* \mag=1000
* \@twocolumnfalse
* \@twosidefalse
* \@mparswitchfalse
* \@reversemarginfalse
* (1in=72.27pt=25.4mm, 1cm=28.453pt)

Package hyperref Info: Link coloring OFF on input line 70.

(C:\Users\Amtel Ltd\AppData\Local\Programs\MiKTeX\tex/latex/hyperref\nameref.st
y
Package: nameref 2021-04-02 v2.47 Cross-referencing by name of section

(C:\Users\Amtel Ltd\AppData\Local\Programs\MiKTeX\tex/latex/refcount\refcount.s
ty
Package: refcount 2019/12/15 v3.6 Data extraction from label references (HO)
)
(C:\Users\Amtel Ltd\AppData\Local\Programs\MiKTeX\tex/generic/gettitlestring\ge
ttitlestring.sty
Package: gettitlestring 2019/12/15 v1.6 Cleanup title references (HO)
)
\c@section@level=\count400
)
LaTeX Info: Redefining \ref on input line 70.
LaTeX Info: Redefining \pageref on input line 70.
LaTeX Info: Redefining \nameref on input line 70.
 (Data_Visualization.out) (Data_Visualization.out)
\@outlinefile=\write7
\openout7 = `Data_Visualization.out'.


(C:\Users\Amtel Ltd\AppData\Local\Programs\MiKTeX\tex/latex/translator\translat
or-basic-dictionary-English.dict
Dictionary: translator-basic-dictionary, Language: English 
)
(C:\Users\Amtel Ltd\AppData\Local\Programs\MiKTeX\tex/latex/translator\translat
or-bibliography-dictionary-English.dict
Dictionary: translator-bibliography-dictionary, Language: English 
)
(C:\Users\Amtel Ltd\AppData\Local\Programs\MiKTeX\tex/latex/translator\translat
or-environment-dictionary-English.dict
Dictionary: translator-environment-dictionary, Language: English 
)
(C:\Users\Amtel Ltd\AppData\Local\Programs\MiKTeX\tex/latex/translator\translat
or-months-dictionary-English.dict
Dictionary: translator-months-dictionary, Language: English 
)
(C:\Users\Amtel Ltd\AppData\Local\Programs\MiKTeX\tex/latex/translator\translat
or-numbers-dictionary-English.dict
Dictionary: translator-numbers-dictionary, Language: English 
)
(C:\Users\Amtel Ltd\AppData\Local\Programs\MiKTeX\tex/latex/translator\translat
or-theorem-dictionary-English.dict
Dictionary: translator-theorem-dictionary, Language: English 
)

Package fontspec Info: Adjusting the maths setup (use [no-math] to avoid
(fontspec)             this).

\symlegacymaths=\mathgroup6
LaTeX Font Info:    Overwriting symbol font `legacymaths' in version `bold'
(Font)                  OT1/cmr/m/n --> OT1/cmr/bx/n on input line 70.
LaTeX Font Info:    Redeclaring math accent \acute on input line 70.
LaTeX Font Info:    Redeclaring math accent \grave on input line 70.
LaTeX Font Info:    Redeclaring math accent \ddot on input line 70.
LaTeX Font Info:    Redeclaring math accent \tilde on input line 70.
LaTeX Font Info:    Redeclaring math accent \bar on input line 70.
LaTeX Font Info:    Redeclaring math accent \breve on input line 70.
LaTeX Font Info:    Redeclaring math accent \check on input line 70.
LaTeX Font Info:    Redeclaring math accent \hat on input line 70.
LaTeX Font Info:    Redeclaring math accent \dot on input line 70.
LaTeX Font Info:    Redeclaring math accent \mathring on input line 70.
LaTeX Font Info:    Redeclaring math symbol \Gamma on input line 70.
LaTeX Font Info:    Redeclaring math symbol \Delta on input line 70.
LaTeX Font Info:    Redeclaring math symbol \Theta on input line 70.
LaTeX Font Info:    Redeclaring math symbol \Lambda on input line 70.
LaTeX Font Info:    Redeclaring math symbol \Xi on input line 70.
LaTeX Font Info:    Redeclaring math symbol \Pi on input line 70.
LaTeX Font Info:    Redeclaring math symbol \Sigma on input line 70.
LaTeX Font Info:    Redeclaring math symbol \Upsilon on input line 70.
LaTeX Font Info:    Redeclaring math symbol \Phi on input line 70.
LaTeX Font Info:    Redeclaring math symbol \Psi on input line 70.
LaTeX Font Info:    Redeclaring math symbol \Omega on input line 70.
LaTeX Font Info:    Redeclaring math symbol \mathdollar on input line 70.
LaTeX Font Info:    Redeclaring symbol font `operators' on input line 70.
LaTeX Font Info:    Encoding `OT1' has changed to `TU' for symbol font
(Font)              `operators' in the math version `normal' on input line 70.
LaTeX Font Info:    Overwriting symbol font `operators' in version `normal'
(Font)                  OT1/cmr/m/n --> TU/put/m/n on input line 70.
LaTeX Font Info:    Encoding `OT1' has changed to `TU' for symbol font
(Font)              `operators' in the math version `bold' on input line 70.
LaTeX Font Info:    Overwriting symbol font `operators' in version `bold'
(Font)                  OT1/cmr/bx/n --> TU/put/m/n on input line 70.
LaTeX Font Info:    Overwriting symbol font `operators' in version `normal'
(Font)                  TU/put/m/n --> TU/put/m/n on input line 70.
LaTeX Font Info:    Overwriting math alphabet `\mathit' in version `normal'
(Font)                  OT1/cmr/m/it --> TU/put/m/it on input line 70.
LaTeX Font Info:    Overwriting math alphabet `\mathbf' in version `normal'
(Font)                  OT1/cmr/bx/n --> TU/put/b/n on input line 70.
LaTeX Font Info:    Overwriting math alphabet `\mathsf' in version `normal'
(Font)                  OT1/cmss/m/n --> TU/lmss/m/n on input line 70.
LaTeX Font Info:    Overwriting math alphabet `\mathtt' in version `normal'
(Font)                  OT1/cmtt/m/n --> TU/lmtt/m/n on input line 70.
LaTeX Font Info:    Overwriting symbol font `operators' in version `bold'
(Font)                  TU/put/m/n --> TU/put/b/n on input line 70.
LaTeX Font Info:    Overwriting math alphabet `\mathit' in version `bold'
(Font)                  OT1/cmr/bx/it --> TU/put/b/it on input line 70.
LaTeX Font Info:    Overwriting math alphabet `\mathsf' in version `bold'
(Font)                  OT1/cmss/bx/n --> TU/lmss/b/n on input line 70.
LaTeX Font Info:    Overwriting math alphabet `\mathtt' in version `bold'
(Font)                  OT1/cmtt/m/n --> TU/lmtt/b/n on input line 70.
Package caption Info: Begin \AtBeginDocument code.
Package caption Info: subfig package v1.3 is loaded.
Package caption Info: End \AtBeginDocument code.
 (Data_Visualization.nav)
Missing character: There is no 5 in font nullfont!
LaTeX Font Info:    Font shape `TU/lmss/b/n' in size <10.95> not available
(Font)              Font shape `TU/lmss/bx/n' tried instead on input line 73.
File: LastLogo.png Graphic file (type bmp)
<LastLogo.png>
LaTeX Font Info:    Font shape `TU/lmss/b/n' in size <14.4> not available
(Font)              Font shape `TU/lmss/bx/n' tried instead on input line 73.

Overfull \vbox (18.60526pt too high) detected at line 73
 []

[1

]
Missing character: There is no 1 in font nullfont!
Missing character: There is no 0 in font nullfont!
File: logolast.png Graphic file (type bmp)
<logolast.png>
[2

]
File: logolast.png Graphic file (type bmp)
<logolast.png>
 [3

]
Missing character: There is no 1 in font nullfont!
Missing character: There is no 7 in font nullfont!
Missing character: There is no 2 in font nullfont!
Missing character: There is no 2 in font nullfont!
File: logolast.png Graphic file (type bmp)
<logolast.png>
[4

]
File: logolast.png Graphic file (type bmp)
<logolast.png>
 [5

]
LaTeX Font Info:    Font shape `TU/lmss/b/n' in size <12> not available
(Font)              Font shape `TU/lmss/bx/n' tried instead on input line 144.
File: logolast.png Graphic file (type bmp)
<logolast.png>
 [6

]
Missing character: There is no 2 in font nullfont!
Missing character: There is no 8 in font nullfont!
File: logolast.png Graphic file (type bmp)
<logolast.png>
[7

]
File: logolast.png Graphic file (type bmp)
<logolast.png>
 [8

]
File: logolast.png Graphic file (type bmp)
<logolast.png>
 [9

]
File: logolast.png Graphic file (type bmp)
<logolast.png>
 [10

]
File: logolast.png Graphic file (type bmp)
<logolast.png>
 [11

]
File: Data-Ink.png Graphic file (type bmp)
<Data-Ink.png>
File: logolast.png Graphic file (type bmp)
<logolast.png>
 [12

]
LaTeX Font Info:    Trying to load font information for TU+put on input line 21
9.
LaTeX Font Info:    No file TUput.fd. on input line 219.


LaTeX Font Warning: Font shape `TU/put/m/n' undefined
(Font)              using `TU/lmr/m/n' instead on input line 219.

LaTeX Font Info:    Trying to load font information for U+msa on input line 219
.
(C:\Users\Amtel Ltd\AppData\Local\Programs\MiKTeX\tex/latex/amsfonts\umsa.fd
File: umsa.fd 2013/01/14 v3.01 AMS symbols A
)
LaTeX Font Info:    Trying to load font information for U+msb on input line 219
.

(C:\Users\Amtel Ltd\AppData\Local\Programs\MiKTeX\tex/latex/amsfonts\umsb.fd
File: umsb.fd 2013/01/14 v3.01 AMS symbols B
)
File: logolast.png Graphic file (type bmp)
<logolast.png>

[13

]
File: liefactor.png Graphic file (type bmp)
<liefactor.png>
File: logolast.png Graphic file (type bmp)
<logolast.png>
 [14

]
File: Truncated-axis.png Graphic file (type bmp)
<Truncated-axis.png>

Overfull \vbox (4.48482pt too high) detected at line 252
 []

File: logolast.png Graphic file (type bmp)
<logolast.png>
[15

]
Missing character: There is no 3 in font nullfont!
Missing character: There is no 3 in font nullfont!
File: logolast.png Graphic file (type bmp)
<logolast.png>
[16

]
File: barchart.png Graphic file (type bmp)
<barchart.png>

Overfull \vbox (2.79147pt too high) detected at line 271
 []

File: logolast.png Graphic file (type bmp)
<logolast.png>
[17

]
File: absolute_vs_relative.png Graphic file (type bmp)
<absolute_vs_relative.png>
File: logolast.png Graphic file (type bmp)
<logolast.png>
 [18

]
File: Absolutefreq.png Graphic file (type bmp)
<Absolutefreq.png>
File: relativefreq.png Graphic file (type bmp)
<relativefreq.png>
File: logolast.png Graphic file (type bmp)
<logolast.png>
 [19

]
File: pievsbar.png Graphic file (type bmp)
<pievsbar.png>
File: logolast.png Graphic file (type bmp)
<logolast.png>
 [20

]
Overfull \vbox (5.30348pt too high) detected at line 321
 []

File: logolast.png Graphic file (type bmp)
<logolast.png>
[21

]
\openout4 = `Data_Visualization.vrb'.

 (Data_Visualization.vrb
\openout5 = `Data_Visualization.pyg'.

 (_minted-Data_Visualization/default.pygstyle)
(_minted-Data_Visualization/7C52D8D98901C191541DEA5673E120F446B277AE10EAA28977F
22414D56FACD2.pygtex

Package fontspec Warning: Font "FandolFang-Regular" does not contain requested
(fontspec)                Script "CJK".


Package fontspec Info: Font family 'FandolFang-Regular(0)' created for font
(fontspec)             'FandolFang-Regular' with options
(fontspec)             [Script={CJK},Extension={.otf}].
(fontspec)              
(fontspec)              This font family consists of the following NFSS
(fontspec)             series/shapes:
(fontspec)              
(fontspec)             - 'normal' (m/n) with NFSS spec.:
(fontspec)             <->"[FandolFang-Regular.otf]/OT:language=dflt;"
(fontspec)             - 'small caps'  (m/sc) with NFSS spec.: 

))
File: logolast.png Graphic file (type bmp)
<logolast.png>
 [22

]
\openout4 = `Data_Visualization.vrb'.

 (Data_Visualization.vrb
\openout5 = `Data_Visualization.pyg'.


(_minted-Data_Visualization/C48B3BAE925945CE7E8425CABFD9031146B277AE10EAA28977F
22414D56FACD2.pygtex)
\openout5 = `Data_Visualization.pyg'.


(_minted-Data_Visualization/3D2222C8CCCE3D5F91ABE473AF396F8346B277AE10EAA28977F
22414D56FACD2.pygtex))
File: logolast.png Graphic file (type bmp)
<logolast.png>
 [23

]
File: figure.png Graphic file (type bmp)
<figure.png>
File: logolast.png Graphic file (type bmp)
<logolast.png>
 [24

]
\openout4 = `Data_Visualization.vrb'.

 (Data_Visualization.vrb
\openout5 = `Data_Visualization.pyg'.


(_minted-Data_Visualization/4AFBA6FE4421A7D01946E8A867F323A846B277AE10EAA28977F
22414D56FACD2.pygtex)
\openout5 = `Data_Visualization.pyg'.


(_minted-Data_Visualization/97962A52E71932DE453716414901630246B277AE10EAA28977F
22414D56FACD2.pygtex)
File: figuresb.png Graphic file (type bmp)
<figuresb.png>
)
File: logolast.png Graphic file (type bmp)
<logolast.png>
 [25

]
\openout4 = `Data_Visualization.vrb'.

 (Data_Visualization.vrb
\openout5 = `Data_Visualization.pyg'.


(_minted-Data_Visualization/9FD085BA0DF67683E155C79BBA0DC35646B277AE10EAA28977F
22414D56FACD2.pygtex))
File: logolast.png Graphic file (type bmp)
<logolast.png>
 [26

]
File: subplots.png Graphic file (type bmp)
<subplots.png>
File: logolast.png Graphic file (type bmp)
<logolast.png>
 [27

]
File: logolast.png Graphic file (type bmp)
<logolast.png>
 [28

]
\openout4 = `Data_Visualization.vrb'.

 (Data_Visualization.vrb
\openout5 = `Data_Visualization.pyg'.


(_minted-Data_Visualization/FD9D67003AC90A141CBB763FC6C9C9B546B277AE10EAA28977F
22414D56FACD2.pygtex))
File: logolast.png Graphic file (type bmp)
<logolast.png>
 [29

]
File: xlim.png Graphic file (type bmp)
<xlim.png>
File: logolast.png Graphic file (type bmp)
<logolast.png>
 [30

]
Missing character: There is no 3 in font nullfont!
Missing character: There is no 3 in font nullfont!
File: logolast.png Graphic file (type bmp)
<logolast.png>
[31

]
File: logolast.png Graphic file (type bmp)
<logolast.png>
 [32

]
Overfull \vbox (5.30348pt too high) detected at line 467
 []

File: logolast.png Graphic file (type bmp)
<logolast.png>
[33

]
File: scatterplot.png Graphic file (type bmp)
<scatterplot.png>

Overfull \hbox (44.0432pt too wide) detected at line 484
[][][] $[]$[][][][][][][][] $[]$[][][][][][] 
 []

File: logolast.png Graphic file (type bmp)
<logolast.png>
[34

]
\openout4 = `Data_Visualization.vrb'.

 (Data_Visualization.vrb
\openout5 = `Data_Visualization.pyg'.


(_minted-Data_Visualization/238595FF79E5C90FE7C3F35E239B490C46B277AE10EAA28977F
22414D56FACD2.pygtex)
File: fuelscatterplot.png Graphic file (type bmp)
<fuelscatterplot.png>
)
File: logolast.png Graphic file (type bmp)
<logolast.png>
 [35

]
\openout4 = `Data_Visualization.vrb'.

 (Data_Visualization.vrb
\openout5 = `Data_Visualization.pyg'.


(_minted-Data_Visualization/704B5C93BB1FC9A060BC2A55F3872F0746B277AE10EAA28977F
22414D56FACD2.pygtex)
File: fuelscatterplot2.png Graphic file (type bmp)
<fuelscatterplot2.png>
)
File: logolast.png Graphic file (type bmp)
<logolast.png>
 [36

]
File: logolast.png Graphic file (type bmp)
<logolast.png>
 [37

]
\openout4 = `Data_Visualization.vrb'.

 (Data_Visualization.vrb
\openout5 = `Data_Visualization.pyg'.


(_minted-Data_Visualization/7461AC6A4E3AAF5BBFD800E32B6DCFB446B277AE10EAA28977F
22414D56FACD2.pygtex)
File: overlapping.png Graphic file (type bmp)
<overlapping.png>
)
File: logolast.png Graphic file (type bmp)
<logolast.png>
 [38

]
\openout4 = `Data_Visualization.vrb'.

 (Data_Visualization.vrb
\openout5 = `Data_Visualization.pyg'.


(_minted-Data_Visualization/619475DCDFBE5267FBB88FCFDF4D20CD46B277AE10EAA28977F
22414D56FACD2.pygtex)
File: transparency.png Graphic file (type bmp)
<transparency.png>
LaTeX Font Info:    Font shape `TU/lmss/m/it' in size <8> not available
(Font)              Font shape `TU/lmss/m/sl' tried instead on input line 16.
)
File: logolast.png Graphic file (type bmp)
<logolast.png>
 [39

]
File: logolast.png Graphic file (type bmp)
<logolast.png>
 [40

]
File: heatmaps.png Graphic file (type bmp)
<heatmaps.png>
File: logolast.png Graphic file (type bmp)
<logolast.png>
 [41

]
\openout4 = `Data_Visualization.vrb'.

 (Data_Visualization.vrb
\openout5 = `Data_Visualization.pyg'.


(_minted-Data_Visualization/6FC94458114A770FEDABE711F39D92F646B277AE10EAA28977F
22414D56FACD2.pygtex))
File: logolast.png Graphic file (type bmp)
<logolast.png>
 [42

]
File: logolast.png Graphic file (type bmp)
<logolast.png>
 [43

]
\openout4 = `Data_Visualization.vrb'.

 (Data_Visualization.vrb
\openout5 = `Data_Visualization.pyg'.


(_minted-Data_Visualization/D282BEA048DB46460391D7C3868C6CE646B277AE10EAA28977F
22414D56FACD2.pygtex)
File: heatmaps2.png Graphic file (type bmp)
<heatmaps2.png>
)
File: logolast.png Graphic file (type bmp)
<logolast.png>
 [44

]
\openout4 = `Data_Visualization.vrb'.

 (Data_Visualization.vrb
\openout5 = `Data_Visualization.pyg'.


(_minted-Data_Visualization/839D854F52CF7C549256EE16541CAB5D46B277AE10EAA28977F
22414D56FACD2.pygtex)
File: heatmaps3.png Graphic file (type bmp)
<heatmaps3.png>
)
File: logolast.png Graphic file (type bmp)
<logolast.png>
 [45

]
File: logolast.png Graphic file (type bmp)
<logolast.png>
 [46

]
\openout4 = `Data_Visualization.vrb'.

 (Data_Visualization.vrb
\openout5 = `Data_Visualization.pyg'.


(_minted-Data_Visualization/E6A6D6D124A2ED9D97751E92E9C219DD46B277AE10EAA28977F
22414D56FACD2.pygtex))
File: logolast.png Graphic file (type bmp)
<logolast.png>
 [47

]
File: heatmaps4.png Graphic file (type bmp)
<heatmaps4.png>
File: logolast.png Graphic file (type bmp)
<logolast.png>
 [48

]
File: logolast.png Graphic file (type bmp)
<logolast.png>
 [49

]
\openout4 = `Data_Visualization.vrb'.

 (Data_Visualization.vrb
\openout5 = `Data_Visualization.pyg'.


(_minted-Data_Visualization/D15769E71B298B6B6B6E005708F3AA4D46B277AE10EAA28977F
22414D56FACD2.pygtex)
File: violinplot.png Graphic file (type bmp)
<violinplot.png>
File: violinplot2.png Graphic file (type bmp)
<violinplot2.png>
)
File: logolast.png Graphic file (type bmp)
<logolast.png>
 [50

]
\openout4 = `Data_Visualization.vrb'.

 (Data_Visualization.vrb
\openout5 = `Data_Visualization.pyg'.


(_minted-Data_Visualization/194DF155F9A656C7745DD1EAA39FD23246B277AE10EAA28977F
22414D56FACD2.pygtex)
File: violinplot3.png Graphic file (type bmp)
<violinplot3.png>
)
File: logolast.png Graphic file (type bmp)
<logolast.png>
 [51

]
File: logolast.png Graphic file (type bmp)
<logolast.png>
 [52

]
File: boxplot.png Graphic file (type bmp)
<boxplot.png>

Overfull \vbox (8.26347pt too high) detected at line 797
 []

File: logolast.png Graphic file (type bmp)
<logolast.png>
[53

]
\openout4 = `Data_Visualization.vrb'.

 (Data_Visualization.vrb
\openout5 = `Data_Visualization.pyg'.


(_minted-Data_Visualization/AE8D727D601280CBDAF37AEB102D2EB246B277AE10EAA28977F
22414D56FACD2.pygtex))
File: logolast.png Graphic file (type bmp)
<logolast.png>
 [54

]
File: boxplot1.png Graphic file (type bmp)
<boxplot1.png>
File: logolast.png Graphic file (type bmp)
<logolast.png>
 [55

]
File: logolast.png Graphic file (type bmp)
<logolast.png>
 [56

]
\openout4 = `Data_Visualization.vrb'.

 (Data_Visualization.vrb
\openout5 = `Data_Visualization.pyg'.


(_minted-Data_Visualization/396AFFC3415A5727AF05C1EDC5683D2446B277AE10EAA28977F
22414D56FACD2.pygtex))
File: logolast.png Graphic file (type bmp)
<logolast.png>
 [57

]
File: clusteredbarchart.png Graphic file (type bmp)
<clusteredbarchart.png>
File: logolast.png Graphic file (type bmp)
<logolast.png>
 [58

]
File: logolast.png Graphic file (type bmp)
<logolast.png>
 [59

]
File: logolast.png Graphic file (type bmp)
<logolast.png>
 [60

]
\openout4 = `Data_Visualization.vrb'.

 (Data_Visualization.vrb
\openout5 = `Data_Visualization.pyg'.


(_minted-Data_Visualization/9E7D4CC98FD99097EBF144773C6B68D846B277AE10EAA28977F
22414D56FACD2.pygtex))
File: logolast.png Graphic file (type bmp)
<logolast.png>
 [61

]
File: faceting.png Graphic file (type bmp)
<faceting.png>
File: logolast.png Graphic file (type bmp)
<logolast.png>
 [62

]
File: logolast.png Graphic file (type bmp)
<logolast.png>
 [63

]
\openout4 = `Data_Visualization.vrb'.

 (Data_Visualization.vrb
\openout5 = `Data_Visualization.pyg'.


(_minted-Data_Visualization/F9678D7B9F3B32CC9FADF96DBB6B719346B277AE10EAA28977F
22414D56FACD2.pygtex)
File: AdaptedBarcharts.png Graphic file (type bmp)
<AdaptedBarcharts.png>
)
File: logolast.png Graphic file (type bmp)
<logolast.png>
 [64

]
Overfull \vbox (2.96347pt too high) detected at line 957
 []

File: logolast.png Graphic file (type bmp)
<logolast.png>
[65

]
Missing character: There is no 3 in font nullfont!
Missing character: There is no 3 in font nullfont!
File: logolast.png Graphic file (type bmp)
<logolast.png>
[66

]
File: logolast.png Graphic file (type bmp)
<logolast.png>
 [67

]
File: logolast.png Graphic file (type bmp)
<logolast.png>
 [68

]
File: logolast.png Graphic file (type bmp)
<logolast.png>
 [69

]
\openout4 = `Data_Visualization.vrb'.

 (Data_Visualization.vrb
\openout5 = `Data_Visualization.pyg'.


(_minted-Data_Visualization/6D75F37B3B8000A1A678E3822DDAFEAF46B277AE10EAA28977F
22414D56FACD2.pygtex))
File: logolast.png Graphic file (type bmp)
<logolast.png>
 [70

]
File: shape_encoding.png Graphic file (type bmp)
<shape_encoding.png>
File: logolast.png Graphic file (type bmp)
<logolast.png>
 [71

]
\openout4 = `Data_Visualization.vrb'.

 (Data_Visualization.vrb
\openout5 = `Data_Visualization.pyg'.


(_minted-Data_Visualization/DCF5DBC8F9C437790F385FDBD372045146B277AE10EAA28977F
22414D56FACD2.pygtex))
File: logolast.png Graphic file (type bmp)
<logolast.png>
 [72

]
File: size_encoding.png Graphic file (type bmp)
<size_encoding.png>

Overfull \vbox (0.6063pt too high) detected at line 1051
 []

File: logolast.png Graphic file (type bmp)
<logolast.png>
[73

]
File: color_encoding.png Graphic file (type bmp)
<color_encoding.png>

Overfull \vbox (10.66402pt too high) detected at line 1062
 []

File: logolast.png Graphic file (type bmp)
<logolast.png>
[74

]
File: faceting_for_multivariate.png Graphic file (type bmp)
<faceting_for_multivariate.png>

Overfull \vbox (3.74199pt too high) detected at line 1072
 []

File: logolast.png Graphic file (type bmp)
<logolast.png>
[75

]
Overfull \vbox (5.29147pt too high) detected at line 1081
 []

File: logolast.png Graphic file (type bmp)
<logolast.png>
[76

]
Missing character: There is no 1 in font nullfont!
Missing character: There is no 0 in font nullfont!
File: logolast.png Graphic file (type bmp)
<logolast.png>
[77

]
File: logolast.png Graphic file (type bmp)
<logolast.png>
 [78

]
File: expo_vs_expla_5steps.png Graphic file (type bmp)
<expo_vs_expla_5steps.png>
File: logolast.png Graphic file (type bmp)
<logolast.png>
 [79

]
File: logolast.png Graphic file (type bmp)
<logolast.png>
 [80

]
File: logolast.png Graphic file (type bmp)
<logolast.png>
 [81

]
File: logolast.png Graphic file (type bmp)
<logolast.png>
 [82

]
File: logolast.png Graphic file (type bmp)
<logolast.png>
 [83

]
File: logolast.png Graphic file (type bmp)
<logolast.png>
 [84

]
File: logolast.png Graphic file (type bmp)
<logolast.png>
 [85

]
\tf@nav=\write8
\openout8 = `Data_Visualization.nav'.

\tf@toc=\write9
\openout9 = `Data_Visualization.toc'.

\tf@snm=\write10
\openout10 = `Data_Visualization.snm'.

runsystem(del _minted-Data_Visualization\FFD8682AEC31D41BB8088FA3AA950126C565DF
1B12A3F3FBFBB7D326F747184B.pygtex)...executed.

 (Data_Visualization.aux)

LaTeX Font Warning: Some font shapes were not available, defaults substituted.

Package rerunfilecheck Info: File `Data_Visualization.out' has not changed.
(rerunfilecheck)             Checksum: B75E979883FCC2277C13840D657B020F;2197.
runsystem(del Data_Visualization.pyg)...executed.

 ) 
Here is how much of TeX's memory you used:
 32158 strings out of 411044
 695520 string characters out of 2824576
 1049862 words of memory out of 3000000
 52110 multiletter control sequences out of 15000+600000
 409249 words of font info for 80 fonts, out of 8000000 for 9000
 1348 hyphenation exceptions out of 8191
 128i,15n,122p,622b,773s stack positions out of 10000i,1000n,20000p,200000b,80000s

Output written on Data_Visualization.pdf (85 pages).
